This is pdfTeX, Version 3.141592653-2.6-1.40.26 (MiKTeX 24.4) (preloaded format=pdflatex 2024.6.20)  24 JUN 2024 09:51
entering extended mode
 restricted \write18 enabled.
 file:line:error style messages enabled.
 %&-line parsing enabled.
**c:/Users/logca/CLionProjects/afpractica/graf.tex
(c:/Users/logca/CLionProjects/afpractica/graf.tex
LaTeX2e <2024-06-01> patch level 1
L3 programming layer <2024-05-27>
(C:\Users\logca\AppData\Local\Programs\MiKTeX\tex/latex/standalone\standalone.cls
Document Class: standalone 2022/10/10 v1.3b Class to compile TeX sub-files standalone
(C:\Users\logca\AppData\Local\Programs\MiKTeX\tex/latex/tools\shellesc.sty
Package: shellesc 2023/07/08 v1.0d unified shell escape interface for LaTeX
Package shellesc Info: Restricted shell escape enabled on input line 77.
) (C:\Users\logca\AppData\Local\Programs\MiKTeX\tex/generic/iftex\ifluatex.sty
Package: ifluatex 2019/10/25 v1.5 ifluatex legacy package. Use iftex instead.
 (C:\Users\logca\AppData\Local\Programs\MiKTeX\tex/generic/iftex\iftex.sty
Package: iftex 2022/02/03 v1.0f TeX engine tests
)) (C:\Users\logca\AppData\Local\Programs\MiKTeX\tex/latex/xkeyval\xkeyval.sty
Package: xkeyval 2022/06/16 v2.9 package option processing (HA)
 (C:\Users\logca\AppData\Local\Programs\MiKTeX\tex/generic/xkeyval\xkeyval.tex (C:\Users\logca\AppData\Local\Programs\MiKTeX\tex/generic/xkeyval\xkvutils.tex
\XKV@toks=\toks17
\XKV@tempa@toks=\toks18
 (C:\Users\logca\AppData\Local\Programs\MiKTeX\tex/generic/xkeyval\keyval.tex))
\XKV@depth=\count194
File: xkeyval.tex 2014/12/03 v2.7a key=value parser (HA)
))
\sa@internal=\count195
\c@sapage=\count196
 (C:\Users\logca\AppData\Local\Programs\MiKTeX\tex/latex/standalone\standalone.cfg
File: standalone.cfg 2022/10/10 v1.3b Default configuration file for 'standalone' class
) (C:\Users\logca\AppData\Local\Programs\MiKTeX\tex/latex/base\article.cls
Document Class: article 2024/02/08 v1.4n Standard LaTeX document class
(C:\Users\logca\AppData\Local\Programs\MiKTeX\tex/latex/base\size10.clo
File: size10.clo 2024/02/08 v1.4n Standard LaTeX file (size option)
)
\c@part=\count197
\c@section=\count198
\c@subsection=\count199
\c@subsubsection=\count266
\c@paragraph=\count267
\c@subparagraph=\count268
\c@figure=\count269
\c@table=\count270
\abovecaptionskip=\skip49
\belowcaptionskip=\skip50
\bibindent=\dimen141
)
\sa@box=\box52
) (C:\Users\logca\AppData\Local\Programs\MiKTeX\tex/latex/base\inputenc.sty
Package: inputenc 2024/02/08 v1.3d Input encoding file
\inpenc@prehook=\toks19
\inpenc@posthook=\toks20
) (C:\Users\logca\AppData\Local\Programs\MiKTeX\tex/latex/pgfplots\pgfplots.sty (C:\Users\logca\AppData\Local\Programs\MiKTeX\tex/generic/pgfplots\pgfplots.revision.tex)
Package: pgfplots 2021/05/15 v1.18.1 Data Visualization (1.18.1)
 (C:\Users\logca\AppData\Local\Programs\MiKTeX\tex/latex/graphics\graphicx.sty
Package: graphicx 2021/09/16 v1.2d Enhanced LaTeX Graphics (DPC,SPQR)
 (C:\Users\logca\AppData\Local\Programs\MiKTeX\tex/latex/graphics\graphics.sty
Package: graphics 2024/05/23 v1.4g Standard LaTeX Graphics (DPC,SPQR)
 (C:\Users\logca\AppData\Local\Programs\MiKTeX\tex/latex/graphics\trig.sty
Package: trig 2023/12/02 v1.11 sin cos tan (DPC)
) (C:\Users\logca\AppData\Local\Programs\MiKTeX\tex/latex/graphics-cfg\graphics.cfg
File: graphics.cfg 2016/06/04 v1.11 sample graphics configuration
)
Package graphics Info: Driver file: pdftex.def on input line 106.
 (C:\Users\logca\AppData\Local\Programs\MiKTeX\tex/latex/graphics-def\pdftex.def
File: pdftex.def 2024/04/13 v1.2c Graphics/color driver for pdftex
))
\Gin@req@height=\dimen142
\Gin@req@width=\dimen143
) (C:\Users\logca\AppData\Local\Programs\MiKTeX\tex/latex/pgf/frontendlayer\tikz.sty (C:\Users\logca\AppData\Local\Programs\MiKTeX\tex/latex/pgf/basiclayer\pgf.sty (C:\Users\logca\AppData\Local\Programs\MiKTeX\tex/latex/pgf/utilities\pgfrcs.sty (C:\Users\logca\AppData\Local\Programs\MiKTeX\tex/generic/pgf/utilities\pgfutil-common.tex
\pgfutil@everybye=\toks21
\pgfutil@tempdima=\dimen144
\pgfutil@tempdimb=\dimen145
) (C:\Users\logca\AppData\Local\Programs\MiKTeX\tex/generic/pgf/utilities\pgfutil-latex.def
\pgfutil@abb=\box53
) (C:\Users\logca\AppData\Local\Programs\MiKTeX\tex/generic/pgf/utilities\pgfrcs.code.tex (C:\Users\logca\AppData\Local\Programs\MiKTeX\tex/generic/pgf\pgf.revision.tex)
Package: pgfrcs 2023-01-15 v3.1.10 (3.1.10)
))
Package: pgf 2023-01-15 v3.1.10 (3.1.10)
 (C:\Users\logca\AppData\Local\Programs\MiKTeX\tex/latex/pgf/basiclayer\pgfcore.sty (C:\Users\logca\AppData\Local\Programs\MiKTeX\tex/latex/pgf/systemlayer\pgfsys.sty (C:\Users\logca\AppData\Local\Programs\MiKTeX\tex/generic/pgf/systemlayer\pgfsys.code.tex
Package: pgfsys 2023-01-15 v3.1.10 (3.1.10)
 (C:\Users\logca\AppData\Local\Programs\MiKTeX\tex/generic/pgf/utilities\pgfkeys.code.tex
\pgfkeys@pathtoks=\toks22
\pgfkeys@temptoks=\toks23
 (C:\Users\logca\AppData\Local\Programs\MiKTeX\tex/generic/pgf/utilities\pgfkeyslibraryfiltered.code.tex
\pgfkeys@tmptoks=\toks24
))
\pgf@x=\dimen146
\pgf@y=\dimen147
\pgf@xa=\dimen148
\pgf@ya=\dimen149
\pgf@xb=\dimen150
\pgf@yb=\dimen151
\pgf@xc=\dimen152
\pgf@yc=\dimen153
\pgf@xd=\dimen154
\pgf@yd=\dimen155
\w@pgf@writea=\write3
\r@pgf@reada=\read2
\c@pgf@counta=\count271
\c@pgf@countb=\count272
\c@pgf@countc=\count273
\c@pgf@countd=\count274
\t@pgf@toka=\toks25
\t@pgf@tokb=\toks26
\t@pgf@tokc=\toks27
\pgf@sys@id@count=\count275
 (C:\Users\logca\AppData\Local\Programs\MiKTeX\tex/generic/pgf/systemlayer\pgf.cfg
File: pgf.cfg 2023-01-15 v3.1.10 (3.1.10)
)
Driver file for pgf: pgfsys-pdftex.def
 (C:\Users\logca\AppData\Local\Programs\MiKTeX\tex/generic/pgf/systemlayer\pgfsys-pdftex.def
File: pgfsys-pdftex.def 2023-01-15 v3.1.10 (3.1.10)
 (C:\Users\logca\AppData\Local\Programs\MiKTeX\tex/generic/pgf/systemlayer\pgfsys-common-pdf.def
File: pgfsys-common-pdf.def 2023-01-15 v3.1.10 (3.1.10)
))) (C:\Users\logca\AppData\Local\Programs\MiKTeX\tex/generic/pgf/systemlayer\pgfsyssoftpath.code.tex
File: pgfsyssoftpath.code.tex 2023-01-15 v3.1.10 (3.1.10)
\pgfsyssoftpath@smallbuffer@items=\count276
\pgfsyssoftpath@bigbuffer@items=\count277
) (C:\Users\logca\AppData\Local\Programs\MiKTeX\tex/generic/pgf/systemlayer\pgfsysprotocol.code.tex
File: pgfsysprotocol.code.tex 2023-01-15 v3.1.10 (3.1.10)
)) (C:\Users\logca\AppData\Local\Programs\MiKTeX\tex/latex/xcolor\xcolor.sty
Package: xcolor 2023/11/15 v3.01 LaTeX color extensions (UK)
 (C:\Users\logca\AppData\Local\Programs\MiKTeX\tex/latex/graphics-cfg\color.cfg
File: color.cfg 2016/01/02 v1.6 sample color configuration
)
Package xcolor Info: Driver file: pdftex.def on input line 274.
 (C:\Users\logca\AppData\Local\Programs\MiKTeX\tex/latex/graphics\mathcolor.ltx)
Package xcolor Info: Model `cmy' substituted by `cmy0' on input line 1350.
Package xcolor Info: Model `hsb' substituted by `rgb' on input line 1354.
Package xcolor Info: Model `RGB' extended on input line 1366.
Package xcolor Info: Model `HTML' substituted by `rgb' on input line 1368.
Package xcolor Info: Model `Hsb' substituted by `hsb' on input line 1369.
Package xcolor Info: Model `tHsb' substituted by `hsb' on input line 1370.
Package xcolor Info: Model `HSB' substituted by `hsb' on input line 1371.
Package xcolor Info: Model `Gray' substituted by `gray' on input line 1372.
Package xcolor Info: Model `wave' substituted by `hsb' on input line 1373.
) (C:\Users\logca\AppData\Local\Programs\MiKTeX\tex/generic/pgf/basiclayer\pgfcore.code.tex
Package: pgfcore 2023-01-15 v3.1.10 (3.1.10)
 (C:\Users\logca\AppData\Local\Programs\MiKTeX\tex/generic/pgf/math\pgfmath.code.tex (C:\Users\logca\AppData\Local\Programs\MiKTeX\tex/generic/pgf/math\pgfmathutil.code.tex) (C:\Users\logca\AppData\Local\Programs\MiKTeX\tex/generic/pgf/math\pgfmathparser.code.tex
\pgfmath@dimen=\dimen156
\pgfmath@count=\count278
\pgfmath@box=\box54
\pgfmath@toks=\toks28
\pgfmath@stack@operand=\toks29
\pgfmath@stack@operation=\toks30
) (C:\Users\logca\AppData\Local\Programs\MiKTeX\tex/generic/pgf/math\pgfmathfunctions.code.tex) (C:\Users\logca\AppData\Local\Programs\MiKTeX\tex/generic/pgf/math\pgfmathfunctions.basic.code.tex) (C:\Users\logca\AppData\Local\Programs\MiKTeX\tex/generic/pgf/math\pgfmathfunctions.trigonometric.code.tex) (C:\Users\logca\AppData\Local\Programs\MiKTeX\tex/generic/pgf/math\pgfmathfunctions.random.code.tex) (C:\Users\logca\AppData\Local\Programs\MiKTeX\tex/generic/pgf/math\pgfmathfunctions.comparison.code.tex) (C:\Users\logca\AppData\Local\Programs\MiKTeX\tex/generic/pgf/math\pgfmathfunctions.base.code.tex) (C:\Users\logca\AppData\Local\Programs\MiKTeX\tex/generic/pgf/math\pgfmathfunctions.round.code.tex) (C:\Users\logca\AppData\Local\Programs\MiKTeX\tex/generic/pgf/math\pgfmathfunctions.misc.code.tex) (C:\Users\logca\AppData\Local\Programs\MiKTeX\tex/generic/pgf/math\pgfmathfunctions.integerarithmetics.code.tex) (C:\Users\logca\AppData\Local\Programs\MiKTeX\tex/generic/pgf/math\pgfmathcalc.code.tex) (C:\Users\logca\AppData\Local\Programs\MiKTeX\tex/generic/pgf/math\pgfmathfloat.code.tex
\c@pgfmathroundto@lastzeros=\count279
)) (C:\Users\logca\AppData\Local\Programs\MiKTeX\tex/generic/pgf/math\pgfint.code.tex) (C:\Users\logca\AppData\Local\Programs\MiKTeX\tex/generic/pgf/basiclayer\pgfcorepoints.code.tex
File: pgfcorepoints.code.tex 2023-01-15 v3.1.10 (3.1.10)
\pgf@picminx=\dimen157
\pgf@picmaxx=\dimen158
\pgf@picminy=\dimen159
\pgf@picmaxy=\dimen160
\pgf@pathminx=\dimen161
\pgf@pathmaxx=\dimen162
\pgf@pathminy=\dimen163
\pgf@pathmaxy=\dimen164
\pgf@xx=\dimen165
\pgf@xy=\dimen166
\pgf@yx=\dimen167
\pgf@yy=\dimen168
\pgf@zx=\dimen169
\pgf@zy=\dimen170
) (C:\Users\logca\AppData\Local\Programs\MiKTeX\tex/generic/pgf/basiclayer\pgfcorepathconstruct.code.tex
File: pgfcorepathconstruct.code.tex 2023-01-15 v3.1.10 (3.1.10)
\pgf@path@lastx=\dimen171
\pgf@path@lasty=\dimen172
) (C:\Users\logca\AppData\Local\Programs\MiKTeX\tex/generic/pgf/basiclayer\pgfcorepathusage.code.tex
File: pgfcorepathusage.code.tex 2023-01-15 v3.1.10 (3.1.10)
\pgf@shorten@end@additional=\dimen173
\pgf@shorten@start@additional=\dimen174
) (C:\Users\logca\AppData\Local\Programs\MiKTeX\tex/generic/pgf/basiclayer\pgfcorescopes.code.tex
File: pgfcorescopes.code.tex 2023-01-15 v3.1.10 (3.1.10)
\pgfpic=\box55
\pgf@hbox=\box56
\pgf@layerbox@main=\box57
\pgf@picture@serial@count=\count280
) (C:\Users\logca\AppData\Local\Programs\MiKTeX\tex/generic/pgf/basiclayer\pgfcoregraphicstate.code.tex
File: pgfcoregraphicstate.code.tex 2023-01-15 v3.1.10 (3.1.10)
\pgflinewidth=\dimen175
) (C:\Users\logca\AppData\Local\Programs\MiKTeX\tex/generic/pgf/basiclayer\pgfcoretransformations.code.tex
File: pgfcoretransformations.code.tex 2023-01-15 v3.1.10 (3.1.10)
\pgf@pt@x=\dimen176
\pgf@pt@y=\dimen177
\pgf@pt@temp=\dimen178
) (C:\Users\logca\AppData\Local\Programs\MiKTeX\tex/generic/pgf/basiclayer\pgfcorequick.code.tex
File: pgfcorequick.code.tex 2023-01-15 v3.1.10 (3.1.10)
) (C:\Users\logca\AppData\Local\Programs\MiKTeX\tex/generic/pgf/basiclayer\pgfcoreobjects.code.tex
File: pgfcoreobjects.code.tex 2023-01-15 v3.1.10 (3.1.10)
) (C:\Users\logca\AppData\Local\Programs\MiKTeX\tex/generic/pgf/basiclayer\pgfcorepathprocessing.code.tex
File: pgfcorepathprocessing.code.tex 2023-01-15 v3.1.10 (3.1.10)
) (C:\Users\logca\AppData\Local\Programs\MiKTeX\tex/generic/pgf/basiclayer\pgfcorearrows.code.tex
File: pgfcorearrows.code.tex 2023-01-15 v3.1.10 (3.1.10)
\pgfarrowsep=\dimen179
) (C:\Users\logca\AppData\Local\Programs\MiKTeX\tex/generic/pgf/basiclayer\pgfcoreshade.code.tex
File: pgfcoreshade.code.tex 2023-01-15 v3.1.10 (3.1.10)
\pgf@max=\dimen180
\pgf@sys@shading@range@num=\count281
\pgf@shadingcount=\count282
) (C:\Users\logca\AppData\Local\Programs\MiKTeX\tex/generic/pgf/basiclayer\pgfcoreimage.code.tex
File: pgfcoreimage.code.tex 2023-01-15 v3.1.10 (3.1.10)
) (C:\Users\logca\AppData\Local\Programs\MiKTeX\tex/generic/pgf/basiclayer\pgfcoreexternal.code.tex
File: pgfcoreexternal.code.tex 2023-01-15 v3.1.10 (3.1.10)
\pgfexternal@startupbox=\box58
) (C:\Users\logca\AppData\Local\Programs\MiKTeX\tex/generic/pgf/basiclayer\pgfcorelayers.code.tex
File: pgfcorelayers.code.tex 2023-01-15 v3.1.10 (3.1.10)
) (C:\Users\logca\AppData\Local\Programs\MiKTeX\tex/generic/pgf/basiclayer\pgfcoretransparency.code.tex
File: pgfcoretransparency.code.tex 2023-01-15 v3.1.10 (3.1.10)
) (C:\Users\logca\AppData\Local\Programs\MiKTeX\tex/generic/pgf/basiclayer\pgfcorepatterns.code.tex
File: pgfcorepatterns.code.tex 2023-01-15 v3.1.10 (3.1.10)
) (C:\Users\logca\AppData\Local\Programs\MiKTeX\tex/generic/pgf/basiclayer\pgfcorerdf.code.tex
File: pgfcorerdf.code.tex 2023-01-15 v3.1.10 (3.1.10)
))) (C:\Users\logca\AppData\Local\Programs\MiKTeX\tex/generic/pgf/modules\pgfmoduleshapes.code.tex
File: pgfmoduleshapes.code.tex 2023-01-15 v3.1.10 (3.1.10)
\pgfnodeparttextbox=\box59
) (C:\Users\logca\AppData\Local\Programs\MiKTeX\tex/generic/pgf/modules\pgfmoduleplot.code.tex
File: pgfmoduleplot.code.tex 2023-01-15 v3.1.10 (3.1.10)
) (C:\Users\logca\AppData\Local\Programs\MiKTeX\tex/latex/pgf/compatibility\pgfcomp-version-0-65.sty
Package: pgfcomp-version-0-65 2023-01-15 v3.1.10 (3.1.10)
\pgf@nodesepstart=\dimen181
\pgf@nodesepend=\dimen182
) (C:\Users\logca\AppData\Local\Programs\MiKTeX\tex/latex/pgf/compatibility\pgfcomp-version-1-18.sty
Package: pgfcomp-version-1-18 2023-01-15 v3.1.10 (3.1.10)
)) (C:\Users\logca\AppData\Local\Programs\MiKTeX\tex/latex/pgf/utilities\pgffor.sty (C:\Users\logca\AppData\Local\Programs\MiKTeX\tex/latex/pgf/utilities\pgfkeys.sty (C:\Users\logca\AppData\Local\Programs\MiKTeX\tex/generic/pgf/utilities\pgfkeys.code.tex)) (C:\Users\logca\AppData\Local\Programs\MiKTeX\tex/latex/pgf/math\pgfmath.sty (C:\Users\logca\AppData\Local\Programs\MiKTeX\tex/generic/pgf/math\pgfmath.code.tex)) (C:\Users\logca\AppData\Local\Programs\MiKTeX\tex/generic/pgf/utilities\pgffor.code.tex
Package: pgffor 2023-01-15 v3.1.10 (3.1.10)
\pgffor@iter=\dimen183
\pgffor@skip=\dimen184
\pgffor@stack=\toks31
\pgffor@toks=\toks32
)) (C:\Users\logca\AppData\Local\Programs\MiKTeX\tex/generic/pgf/frontendlayer/tikz\tikz.code.tex
Package: tikz 2023-01-15 v3.1.10 (3.1.10)
 (C:\Users\logca\AppData\Local\Programs\MiKTeX\tex/generic/pgf/libraries\pgflibraryplothandlers.code.tex
File: pgflibraryplothandlers.code.tex 2023-01-15 v3.1.10 (3.1.10)
\pgf@plot@mark@count=\count283
\pgfplotmarksize=\dimen185
)
\tikz@lastx=\dimen186
\tikz@lasty=\dimen187
\tikz@lastxsaved=\dimen188
\tikz@lastysaved=\dimen189
\tikz@lastmovetox=\dimen190
\tikz@lastmovetoy=\dimen191
\tikzleveldistance=\dimen192
\tikzsiblingdistance=\dimen193
\tikz@figbox=\box60
\tikz@figbox@bg=\box61
\tikz@tempbox=\box62
\tikz@tempbox@bg=\box63
\tikztreelevel=\count284
\tikznumberofchildren=\count285
\tikznumberofcurrentchild=\count286
\tikz@fig@count=\count287
 (C:\Users\logca\AppData\Local\Programs\MiKTeX\tex/generic/pgf/modules\pgfmodulematrix.code.tex
File: pgfmodulematrix.code.tex 2023-01-15 v3.1.10 (3.1.10)
\pgfmatrixcurrentrow=\count288
\pgfmatrixcurrentcolumn=\count289
\pgf@matrix@numberofcolumns=\count290
)
\tikz@expandcount=\count291
 (C:\Users\logca\AppData\Local\Programs\MiKTeX\tex/generic/pgf/frontendlayer/tikz/libraries\tikzlibrarytopaths.code.tex
File: tikzlibrarytopaths.code.tex 2023-01-15 v3.1.10 (3.1.10)
))) (C:\Users\logca\AppData\Local\Programs\MiKTeX\tex/generic/pgfplots\pgfplots.code.tex (C:\Users\logca\AppData\Local\Programs\MiKTeX\tex/generic/pgfplots\pgfplotscore.code.tex
\t@pgfplots@toka=\toks33
\t@pgfplots@tokb=\toks34
\t@pgfplots@tokc=\toks35
\pgfplots@tmpa=\dimen194
\c@pgfplots@coordindex=\count292
\c@pgfplots@scanlineindex=\count293
 (C:\Users\logca\AppData\Local\Programs\MiKTeX\tex/generic/pgfplots/sys\pgfplotssysgeneric.code.tex)) (C:\Users\logca\AppData\Local\Programs\MiKTeX\tex/generic/pgfplots/libs\pgfplotslibrary.code.tex) (C:\Users\logca\AppData\Local\Programs\MiKTeX\tex/generic/pgfplots/oldpgfcompatib\pgfplotsoldpgfsupp_loader.code.tex (C:\Users\logca\AppData\Local\Programs\MiKTeX\tex/generic/pgf/libraries\pgflibraryfpu.code.tex)
Package pgfplots: loading complementary utilities for your pgf version...
\t@pgf@toka=\toks36
\t@pgf@tokb=\toks37
\t@pgf@tokc=\toks38
(C:\Users\logca\AppData\Local\Programs\MiKTeX\tex/generic/pgfplots/oldpgfcompatib\pgfplotsoldpgfsupp_pgfutil-common-lists.tex)) (C:\Users\logca\AppData\Local\Programs\MiKTeX\tex/generic/pgfplots/util\pgfplotsutil.code.tex (C:\Users\logca\AppData\Local\Programs\MiKTeX\tex/generic/pgfplots/liststructure\pgfplotsliststructure.code.tex) (C:\Users\logca\AppData\Local\Programs\MiKTeX\tex/generic/pgfplots/liststructure\pgfplotsliststructureext.code.tex) (C:\Users\logca\AppData\Local\Programs\MiKTeX\tex/generic/pgfplots/liststructure\pgfplotsarray.code.tex
\c@pgfplotsarray@tmp=\count294
) (C:\Users\logca\AppData\Local\Programs\MiKTeX\tex/generic/pgfplots/liststructure\pgfplotsmatrix.code.tex) (C:\Users\logca\AppData\Local\Programs\MiKTeX\tex/generic/pgfplots/numtable\pgfplotstableshared.code.tex
\c@pgfplotstable@counta=\count295
\t@pgfplotstable@a=\toks39
) (C:\Users\logca\AppData\Local\Programs\MiKTeX\tex/generic/pgfplots/liststructure\pgfplotsdeque.code.tex) (C:\Users\logca\AppData\Local\Programs\MiKTeX\tex/generic/pgfplots/util\pgfplotsbinary.code.tex (C:\Users\logca\AppData\Local\Programs\MiKTeX\tex/generic/pgfplots/util\pgfplotsbinary.data.code.tex)) (C:\Users\logca\AppData\Local\Programs\MiKTeX\tex/generic/pgfplots/util\pgfplotsutil.verb.code.tex) (C:\Users\logca\AppData\Local\Programs\MiKTeX\tex/generic/pgfplots/libs\pgflibrarypgfplots.surfshading.code.tex
\c@pgfplotslibrarysurf@no=\count296
 (C:\Users\logca\AppData\Local\Programs\MiKTeX\tex/generic/pgfplots/sys\pgflibrarypgfplots.surfshading.pgfsys-pdftex.def))) (C:\Users\logca\AppData\Local\Programs\MiKTeX\tex/generic/pgfplots/util\pgfplotscolormap.code.tex (C:\Users\logca\AppData\Local\Programs\MiKTeX\tex/generic/pgfplots/util\pgfplotscolor.code.tex)) (C:\Users\logca\AppData\Local\Programs\MiKTeX\tex/generic/pgfplots\pgfplotsstackedplots.code.tex) (C:\Users\logca\AppData\Local\Programs\MiKTeX\tex/generic/pgfplots\pgfplotsplothandlers.code.tex (C:\Users\logca\AppData\Local\Programs\MiKTeX\tex/generic/pgfplots\pgfplotsmeshplothandler.code.tex (C:\Users\logca\AppData\Local\Programs\MiKTeX\tex/generic/pgfplots\pgfplotsmeshplotimage.code.tex))) (C:\Users\logca\AppData\Local\Programs\MiKTeX\tex/generic/pgfplots\pgfplots.scaling.code.tex) (C:\Users\logca\AppData\Local\Programs\MiKTeX\tex/generic/pgfplots\pgfplotscoordprocessing.code.tex) (C:\Users\logca\AppData\Local\Programs\MiKTeX\tex/generic/pgfplots\pgfplots.errorbars.code.tex) (C:\Users\logca\AppData\Local\Programs\MiKTeX\tex/generic/pgfplots\pgfplots.markers.code.tex) (C:\Users\logca\AppData\Local\Programs\MiKTeX\tex/generic/pgfplots\pgfplotsticks.code.tex) (C:\Users\logca\AppData\Local\Programs\MiKTeX\tex/generic/pgfplots\pgfplots.paths.code.tex) (C:\Users\logca\AppData\Local\Programs\MiKTeX\tex/generic/pgf/frontendlayer/tikz/libraries\tikzlibrarydecorations.code.tex (C:\Users\logca\AppData\Local\Programs\MiKTeX\tex/generic/pgf/modules\pgfmoduledecorations.code.tex
\pgfdecoratedcompleteddistance=\dimen195
\pgfdecoratedremainingdistance=\dimen196
\pgfdecoratedinputsegmentcompleteddistance=\dimen197
\pgfdecoratedinputsegmentremainingdistance=\dimen198
\pgf@decorate@distancetomove=\dimen199
\pgf@decorate@repeatstate=\count297
\pgfdecorationsegmentamplitude=\dimen256
\pgfdecorationsegmentlength=\dimen257
)
\tikz@lib@dec@box=\box64
) (C:\Users\logca\AppData\Local\Programs\MiKTeX\tex/generic/pgf/frontendlayer/tikz/libraries\tikzlibrarydecorations.pathmorphing.code.tex (C:\Users\logca\AppData\Local\Programs\MiKTeX\tex/generic/pgf/libraries/decorations\pgflibrarydecorations.pathmorphing.code.tex)) (C:\Users\logca\AppData\Local\Programs\MiKTeX\tex/generic/pgf/frontendlayer/tikz/libraries\tikzlibrarydecorations.pathreplacing.code.tex (C:\Users\logca\AppData\Local\Programs\MiKTeX\tex/generic/pgf/libraries/decorations\pgflibrarydecorations.pathreplacing.code.tex)) (C:\Users\logca\AppData\Local\Programs\MiKTeX\tex/generic/pgfplots/libs\tikzlibrarypgfplots.contourlua.code.tex)
\pgfplots@numplots=\count298
\pgfplots@xmin@reg=\dimen258
\pgfplots@xmax@reg=\dimen259
\pgfplots@ymin@reg=\dimen260
\pgfplots@ymax@reg=\dimen261
\pgfplots@zmin@reg=\dimen262
\pgfplots@zmax@reg=\dimen263
) (C:\Users\logca\AppData\Local\Programs\MiKTeX\tex/generic/pgf/frontendlayer/tikz/libraries\tikzlibraryplotmarks.code.tex
File: tikzlibraryplotmarks.code.tex 2023-01-15 v3.1.10 (3.1.10)
 (C:\Users\logca\AppData\Local\Programs\MiKTeX\tex/generic/pgf/libraries\pgflibraryplotmarks.code.tex
File: pgflibraryplotmarks.code.tex 2023-01-15 v3.1.10 (3.1.10)
))) (C:\Users\logca\AppData\Local\Programs\MiKTeX\tex/latex/l3backend\l3backend-pdftex.def
File: l3backend-pdftex.def 2024-05-08 L3 backend support: PDF output (pdfTeX)
\l__color_backend_stack_int=\count299
\l__pdf_internal_box=\box65
)
No file graf.aux.
\openout1 = `graf.aux'.

LaTeX Font Info:    Checking defaults for OML/cmm/m/it on input line 7.
LaTeX Font Info:    ... okay on input line 7.
LaTeX Font Info:    Checking defaults for OMS/cmsy/m/n on input line 7.
LaTeX Font Info:    ... okay on input line 7.
LaTeX Font Info:    Checking defaults for OT1/cmr/m/n on input line 7.
LaTeX Font Info:    ... okay on input line 7.
LaTeX Font Info:    Checking defaults for T1/cmr/m/n on input line 7.
LaTeX Font Info:    ... okay on input line 7.
LaTeX Font Info:    Checking defaults for TS1/cmr/m/n on input line 7.
LaTeX Font Info:    ... okay on input line 7.
LaTeX Font Info:    Checking defaults for OMX/cmex/m/n on input line 7.
LaTeX Font Info:    ... okay on input line 7.
LaTeX Font Info:    Checking defaults for U/cmr/m/n on input line 7.
LaTeX Font Info:    ... okay on input line 7.
(C:\Users\logca\AppData\Local\Programs\MiKTeX\tex/context/base/mkii\supp-pdf.mkii
[Loading MPS to PDF converter (version 2006.09.02).]
\scratchcounter=\count300
\scratchdimen=\dimen264
\scratchbox=\box66
\nofMPsegments=\count301
\nofMParguments=\count302
\everyMPshowfont=\toks40
\MPscratchCnt=\count303
\MPscratchDim=\dimen265
\MPnumerator=\count304
\makeMPintoPDFobject=\count305
\everyMPtoPDFconversion=\toks41
) (C:\Users\logca\AppData\Local\Programs\MiKTeX\tex/latex/epstopdf-pkg\epstopdf-base.sty
Package: epstopdf-base 2020-01-24 v2.11 Base part for package epstopdf
Package epstopdf-base Info: Redefining graphics rule for `.eps' on input line 485.
 (C:\Users\logca\AppData\Local\Programs\MiKTeX\tex/latex/00miktex\epstopdf-sys.cfg
File: epstopdf-sys.cfg 2021/03/18 v2.0 Configuration of epstopdf for MiKTeX
))
Package pgfplots notification 'compat/show suggested version=true': you might benefit from \pgfplotsset{compat=1.18} (current compat level: 1.9).


c:/Users/logca/CLionProjects/afpractica/graf.tex:8: LaTeX Error: Something's wrong--perhaps a missing \item.

See the LaTeX manual or LaTeX Companion for explanation.
Type  H <return>  for immediate help.
 ...                                              
                                                  
l.8 \begin{flushleft}
                     
Try typing  <return>  to proceed.
If that doesn't work, type  X <return>  to quit.


c:/Users/logca/CLionProjects/afpractica/graf.tex:8: LaTeX Error: Something's wrong--perhaps a missing \item.

See the LaTeX manual or LaTeX Companion for explanation.
Type  H <return>  for immediate help.
 ...                                              
                                                  
l.8 \begin{flushleft}
                     
Try typing  <return>  to proceed.
If that doesn't work, type  X <return>  to quit.


c:/Users/logca/CLionProjects/afpractica/graf.tex:8: LaTeX Error: Something's wrong--perhaps a missing \item.

See the LaTeX manual or LaTeX Companion for explanation.
Type  H <return>  for immediate help.
 ...                                              
                                                  
l.8 \begin{flushleft}
                     
Try typing  <return>  to proceed.
If that doesn't work, type  X <return>  to quit.

c:/Users/logca/CLionProjects/afpractica/graf.tex:23: Dimension too large.
<recently read> \pgf@yy 
                        
l.23         \end{axis}
                       
I can't work with sizes bigger than about 19 feet.
Continue and I'll use the largest value I can.

c:/Users/logca/CLionProjects/afpractica/graf.tex:23: Dimension too large.
<recently read> \pgf@yy 
                        
l.23         \end{axis}
                       
I can't work with sizes bigger than about 19 feet.
Continue and I'll use the largest value I can.

c:/Users/logca/CLionProjects/afpractica/graf.tex:23: Dimension too large.
<recently read> \pgf@yy 
                        
l.23         \end{axis}
                       
I can't work with sizes bigger than about 19 feet.
Continue and I'll use the largest value I can.

c:/Users/logca/CLionProjects/afpractica/graf.tex:23: Dimension too large.
<recently read> \pgf@yy 
                        
l.23         \end{axis}
                       
I can't work with sizes bigger than about 19 feet.
Continue and I'll use the largest value I can.

c:/Users/logca/CLionProjects/afpractica/graf.tex:23: Dimension too large.
<recently read> \pgf@yy 
                        
l.23         \end{axis}
                       
I can't work with sizes bigger than about 19 feet.
Continue and I'll use the largest value I can.

c:/Users/logca/CLionProjects/afpractica/graf.tex:23: Dimension too large.
<recently read> \pgf@yy 
                        
l.23         \end{axis}
                       
I can't work with sizes bigger than about 19 feet.
Continue and I'll use the largest value I can.

c:/Users/logca/CLionProjects/afpractica/graf.tex:23: Dimension too large.
<recently read> \pgf@yy 
                        
l.23         \end{axis}
                       
I can't work with sizes bigger than about 19 feet.
Continue and I'll use the largest value I can.

c:/Users/logca/CLionProjects/afpractica/graf.tex:23: Dimension too large.
<recently read> \pgf@yy 
                        
l.23         \end{axis}
                       
I can't work with sizes bigger than about 19 feet.
Continue and I'll use the largest value I can.


c:/Users/logca/CLionProjects/afpractica/graf.tex:23: Package pgfkeys Error: I do not know the key '/tikz/z$' and I am going to ignore it. Perhaps you misspelled it.

See the pgfkeys package documentation for explanation.
Type  H <return>  for immediate help.
 ...                                              
                                                  
l.23         \end{axis}
                       
This error message was generated by an \errmessage
command, so I can't give any explicit help.
Pretend that you're Hercule Poirot: Examine all clues,
and deduce the truth by order and method.

c:/Users/logca/CLionProjects/afpractica/graf.tex:23: Dimension too large.
<recently read> \pgf@yy 
                        
l.23         \end{axis}
                       
I can't work with sizes bigger than about 19 feet.
Continue and I'll use the largest value I can.

c:/Users/logca/CLionProjects/afpractica/graf.tex:23: Dimension too large.
<recently read> \pgf@yy 
                        
l.23         \end{axis}
                       
I can't work with sizes bigger than about 19 feet.
Continue and I'll use the largest value I can.

c:/Users/logca/CLionProjects/afpractica/graf.tex:23: Dimension too large.
<recently read> \pgf@yy 
                        
l.23         \end{axis}
                       
I can't work with sizes bigger than about 19 feet.
Continue and I'll use the largest value I can.

c:/Users/logca/CLionProjects/afpractica/graf.tex:23: Dimension too large.
<recently read> \pgf@yy 
                        
l.23         \end{axis}
                       
I can't work with sizes bigger than about 19 feet.
Continue and I'll use the largest value I can.

c:/Users/logca/CLionProjects/afpractica/graf.tex:23: Dimension too large.
<recently read> \pgf@yy 
                        
l.23         \end{axis}
                       
I can't work with sizes bigger than about 19 feet.
Continue and I'll use the largest value I can.

c:/Users/logca/CLionProjects/afpractica/graf.tex:23: Dimension too large.
<recently read> \pgf@yy 
                        
l.23         \end{axis}
                       
I can't work with sizes bigger than about 19 feet.
Continue and I'll use the largest value I can.

c:/Users/logca/CLionProjects/afpractica/graf.tex:23: Dimension too large.
<recently read> \pgf@yy 
                        
l.23         \end{axis}
                       
I can't work with sizes bigger than about 19 feet.
Continue and I'll use the largest value I can.

c:/Users/logca/CLionProjects/afpractica/graf.tex:23: Dimension too large.
<recently read> \pgf@yy 
                        
l.23         \end{axis}
                       
I can't work with sizes bigger than about 19 feet.
Continue and I'll use the largest value I can.

c:/Users/logca/CLionProjects/afpractica/graf.tex:23: Dimension too large.
<recently read> \pgf@yy 
                        
l.23         \end{axis}
                       
I can't work with sizes bigger than about 19 feet.
Continue and I'll use the largest value I can.

c:/Users/logca/CLionProjects/afpractica/graf.tex:23: Dimension too large.
<recently read> \pgf@yy 
                        
l.23         \end{axis}
                       
I can't work with sizes bigger than about 19 feet.
Continue and I'll use the largest value I can.

c:/Users/logca/CLionProjects/afpractica/graf.tex:23: Dimension too large.
<recently read> \pgf@yy 
                        
l.23         \end{axis}
                       
I can't work with sizes bigger than about 19 feet.
Continue and I'll use the largest value I can.

c:/Users/logca/CLionProjects/afpractica/graf.tex:23: Dimension too large.
<recently read> \pgf@yy 
                        
l.23         \end{axis}
                       
I can't work with sizes bigger than about 19 feet.
Continue and I'll use the largest value I can.

c:/Users/logca/CLionProjects/afpractica/graf.tex:23: Dimension too large.
<recently read> \pgf@yy 
                        
l.23         \end{axis}
                       
I can't work with sizes bigger than about 19 feet.
Continue and I'll use the largest value I can.

c:/Users/logca/CLionProjects/afpractica/graf.tex:23: Dimension too large.
<recently read> \pgf@yy 
                        
l.23         \end{axis}
                       
I can't work with sizes bigger than about 19 feet.
Continue and I'll use the largest value I can.

c:/Users/logca/CLionProjects/afpractica/graf.tex:23: Dimension too large.
<recently read> \pgf@yy 
                        
l.23         \end{axis}
                       
I can't work with sizes bigger than about 19 feet.
Continue and I'll use the largest value I can.

c:/Users/logca/CLionProjects/afpractica/graf.tex:23: Dimension too large.
<recently read> \pgf@yy 
                        
l.23         \end{axis}
                       
I can't work with sizes bigger than about 19 feet.
Continue and I'll use the largest value I can.

c:/Users/logca/CLionProjects/afpractica/graf.tex:23: Dimension too large.
<recently read> \pgf@yy 
                        
l.23         \end{axis}
                       
I can't work with sizes bigger than about 19 feet.
Continue and I'll use the largest value I can.

c:/Users/logca/CLionProjects/afpractica/graf.tex:23: Dimension too large.
<recently read> \pgf@yy 
                        
l.23         \end{axis}
                       
I can't work with sizes bigger than about 19 feet.
Continue and I'll use the largest value I can.

c:/Users/logca/CLionProjects/afpractica/graf.tex:23: Dimension too large.
<recently read> \pgf@yy 
                        
l.23         \end{axis}
                       
I can't work with sizes bigger than about 19 feet.
Continue and I'll use the largest value I can.

c:/Users/logca/CLionProjects/afpractica/graf.tex:23: Dimension too large.
<recently read> \pgf@yy 
                        
l.23         \end{axis}
                       
I can't work with sizes bigger than about 19 feet.
Continue and I'll use the largest value I can.

c:/Users/logca/CLionProjects/afpractica/graf.tex:23: Dimension too large.
<recently read> \pgf@yy 
                        
l.23         \end{axis}
                       
I can't work with sizes bigger than about 19 feet.
Continue and I'll use the largest value I can.

c:/Users/logca/CLionProjects/afpractica/graf.tex:23: Dimension too large.
<recently read> \pgf@yy 
                        
l.23         \end{axis}
                       
I can't work with sizes bigger than about 19 feet.
Continue and I'll use the largest value I can.

c:/Users/logca/CLionProjects/afpractica/graf.tex:23: Dimension too large.
<recently read> \pgf@yy 
                        
l.23         \end{axis}
                       
I can't work with sizes bigger than about 19 feet.
Continue and I'll use the largest value I can.

c:/Users/logca/CLionProjects/afpractica/graf.tex:23: Dimension too large.
<recently read> \pgf@yy 
                        
l.23         \end{axis}
                       
I can't work with sizes bigger than about 19 feet.
Continue and I'll use the largest value I can.

c:/Users/logca/CLionProjects/afpractica/graf.tex:23: Dimension too large.
<recently read> \pgf@yy 
                        
l.23         \end{axis}
                       
I can't work with sizes bigger than about 19 feet.
Continue and I'll use the largest value I can.

c:/Users/logca/CLionProjects/afpractica/graf.tex:23: Dimension too large.
<recently read> \pgf@yy 
                        
l.23         \end{axis}
                       
I can't work with sizes bigger than about 19 feet.
Continue and I'll use the largest value I can.

c:/Users/logca/CLionProjects/afpractica/graf.tex:23: Dimension too large.
<recently read> \pgf@yy 
                        
l.23         \end{axis}
                       
I can't work with sizes bigger than about 19 feet.
Continue and I'll use the largest value I can.

c:/Users/logca/CLionProjects/afpractica/graf.tex:23: Dimension too large.
<recently read> \pgf@yy 
                        
l.23         \end{axis}
                       
I can't work with sizes bigger than about 19 feet.
Continue and I'll use the largest value I can.

c:/Users/logca/CLionProjects/afpractica/graf.tex:23: Dimension too large.
<recently read> \pgf@yy 
                        
l.23         \end{axis}
                       
I can't work with sizes bigger than about 19 feet.
Continue and I'll use the largest value I can.

c:/Users/logca/CLionProjects/afpractica/graf.tex:23: Dimension too large.
<recently read> \pgf@yy 
                        
l.23         \end{axis}
                       
I can't work with sizes bigger than about 19 feet.
Continue and I'll use the largest value I can.

c:/Users/logca/CLionProjects/afpractica/graf.tex:23: Dimension too large.
<recently read> \pgf@yy 
                        
l.23         \end{axis}
                       
I can't work with sizes bigger than about 19 feet.
Continue and I'll use the largest value I can.

c:/Users/logca/CLionProjects/afpractica/graf.tex:23: Dimension too large.
<recently read> \pgf@yy 
                        
l.23         \end{axis}
                       
I can't work with sizes bigger than about 19 feet.
Continue and I'll use the largest value I can.

c:/Users/logca/CLionProjects/afpractica/graf.tex:23: Dimension too large.
<recently read> \pgf@yy 
                        
l.23         \end{axis}
                       
I can't work with sizes bigger than about 19 feet.
Continue and I'll use the largest value I can.

c:/Users/logca/CLionProjects/afpractica/graf.tex:23: Dimension too large.
<recently read> \pgf@yy 
                        
l.23         \end{axis}
                       
I can't work with sizes bigger than about 19 feet.
Continue and I'll use the largest value I can.

c:/Users/logca/CLionProjects/afpractica/graf.tex:23: Dimension too large.
<recently read> \pgf@yy 
                        
l.23         \end{axis}
                       
I can't work with sizes bigger than about 19 feet.
Continue and I'll use the largest value I can.

c:/Users/logca/CLionProjects/afpractica/graf.tex:23: Dimension too large.
<recently read> \pgf@yy 
                        
l.23         \end{axis}
                       
I can't work with sizes bigger than about 19 feet.
Continue and I'll use the largest value I can.

c:/Users/logca/CLionProjects/afpractica/graf.tex:23: Dimension too large.
<recently read> \pgf@yy 
                        
l.23         \end{axis}
                       
I can't work with sizes bigger than about 19 feet.
Continue and I'll use the largest value I can.

c:/Users/logca/CLionProjects/afpractica/graf.tex:23: Dimension too large.
<recently read> \pgf@yy 
                        
l.23         \end{axis}
                       
I can't work with sizes bigger than about 19 feet.
Continue and I'll use the largest value I can.

c:/Users/logca/CLionProjects/afpractica/graf.tex:23: Dimension too large.
<recently read> \pgf@yy 
                        
l.23         \end{axis}
                       
I can't work with sizes bigger than about 19 feet.
Continue and I'll use the largest value I can.

c:/Users/logca/CLionProjects/afpractica/graf.tex:23: Dimension too large.
<recently read> \pgf@yy 
                        
l.23         \end{axis}
                       
I can't work with sizes bigger than about 19 feet.
Continue and I'll use the largest value I can.

c:/Users/logca/CLionProjects/afpractica/graf.tex:23: Dimension too large.
<recently read> \pgf@yy 
                        
l.23         \end{axis}
                       
I can't work with sizes bigger than about 19 feet.
Continue and I'll use the largest value I can.

c:/Users/logca/CLionProjects/afpractica/graf.tex:23: Dimension too large.
<recently read> \pgf@yy 
                        
l.23         \end{axis}
                       
I can't work with sizes bigger than about 19 feet.
Continue and I'll use the largest value I can.

c:/Users/logca/CLionProjects/afpractica/graf.tex:23: Dimension too large.
<recently read> \pgf@yy 
                        
l.23         \end{axis}
                       
I can't work with sizes bigger than about 19 feet.
Continue and I'll use the largest value I can.

c:/Users/logca/CLionProjects/afpractica/graf.tex:23: Dimension too large.
<recently read> \pgf@yy 
                        
l.23         \end{axis}
                       
I can't work with sizes bigger than about 19 feet.
Continue and I'll use the largest value I can.

c:/Users/logca/CLionProjects/afpractica/graf.tex:23: Dimension too large.
<recently read> \pgf@yy 
                        
l.23         \end{axis}
                       
I can't work with sizes bigger than about 19 feet.
Continue and I'll use the largest value I can.

c:/Users/logca/CLionProjects/afpractica/graf.tex:23: Dimension too large.
<recently read> \pgf@yy 
                        
l.23         \end{axis}
                       
I can't work with sizes bigger than about 19 feet.
Continue and I'll use the largest value I can.

c:/Users/logca/CLionProjects/afpractica/graf.tex:23: Dimension too large.
<recently read> \pgf@yy 
                        
l.23         \end{axis}
                       
I can't work with sizes bigger than about 19 feet.
Continue and I'll use the largest value I can.

c:/Users/logca/CLionProjects/afpractica/graf.tex:23: Dimension too large.
<recently read> \pgf@yy 
                        
l.23         \end{axis}
                       
I can't work with sizes bigger than about 19 feet.
Continue and I'll use the largest value I can.

c:/Users/logca/CLionProjects/afpractica/graf.tex:23: Dimension too large.
<recently read> \pgf@yy 
                        
l.23         \end{axis}
                       
I can't work with sizes bigger than about 19 feet.
Continue and I'll use the largest value I can.

c:/Users/logca/CLionProjects/afpractica/graf.tex:23: Dimension too large.
<recently read> \pgf@yy 
                        
l.23         \end{axis}
                       
I can't work with sizes bigger than about 19 feet.
Continue and I'll use the largest value I can.

c:/Users/logca/CLionProjects/afpractica/graf.tex:23: Dimension too large.
<recently read> \pgf@yy 
                        
l.23         \end{axis}
                       
I can't work with sizes bigger than about 19 feet.
Continue and I'll use the largest value I can.

c:/Users/logca/CLionProjects/afpractica/graf.tex:23: Dimension too large.
<recently read> \pgf@yy 
                        
l.23         \end{axis}
                       
I can't work with sizes bigger than about 19 feet.
Continue and I'll use the largest value I can.

c:/Users/logca/CLionProjects/afpractica/graf.tex:23: Dimension too large.
<recently read> \pgf@yy 
                        
l.23         \end{axis}
                       
I can't work with sizes bigger than about 19 feet.
Continue and I'll use the largest value I can.

c:/Users/logca/CLionProjects/afpractica/graf.tex:23: Dimension too large.
<recently read> \pgf@yy 
                        
l.23         \end{axis}
                       
I can't work with sizes bigger than about 19 feet.
Continue and I'll use the largest value I can.

c:/Users/logca/CLionProjects/afpractica/graf.tex:23: Dimension too large.
<recently read> \pgf@yy 
                        
l.23         \end{axis}
                       
I can't work with sizes bigger than about 19 feet.
Continue and I'll use the largest value I can.

c:/Users/logca/CLionProjects/afpractica/graf.tex:23: Dimension too large.
<recently read> \pgf@yy 
                        
l.23         \end{axis}
                       
I can't work with sizes bigger than about 19 feet.
Continue and I'll use the largest value I can.

c:/Users/logca/CLionProjects/afpractica/graf.tex:23: Dimension too large.
<recently read> \pgf@yy 
                        
l.23         \end{axis}
                       
I can't work with sizes bigger than about 19 feet.
Continue and I'll use the largest value I can.

c:/Users/logca/CLionProjects/afpractica/graf.tex:23: Dimension too large.
<recently read> \pgf@yy 
                        
l.23         \end{axis}
                       
I can't work with sizes bigger than about 19 feet.
Continue and I'll use the largest value I can.

c:/Users/logca/CLionProjects/afpractica/graf.tex:23: Dimension too large.
<recently read> \pgf@yy 
                        
l.23         \end{axis}
                       
I can't work with sizes bigger than about 19 feet.
Continue and I'll use the largest value I can.

c:/Users/logca/CLionProjects/afpractica/graf.tex:23: Dimension too large.
<recently read> \pgf@yy 
                        
l.23         \end{axis}
                       
I can't work with sizes bigger than about 19 feet.
Continue and I'll use the largest value I can.

c:/Users/logca/CLionProjects/afpractica/graf.tex:23: Dimension too large.
<recently read> \pgf@yy 
                        
l.23         \end{axis}
                       
I can't work with sizes bigger than about 19 feet.
Continue and I'll use the largest value I can.

c:/Users/logca/CLionProjects/afpractica/graf.tex:23: Dimension too large.
<recently read> \pgf@yy 
                        
l.23         \end{axis}
                       
I can't work with sizes bigger than about 19 feet.
Continue and I'll use the largest value I can.

c:/Users/logca/CLionProjects/afpractica/graf.tex:23: Dimension too large.
\pgfusepath ...@y by.5\pgflinewidth \ifdim \pgf@y 
                                                  >\pgf@picmaxy \global \pgf...
l.23         \end{axis}
                       
I can't work with sizes bigger than about 19 feet.
Continue and I'll use the largest value I can.

c:/Users/logca/CLionProjects/afpractica/graf.tex:23: Dimension too large.
<recently read> \pgf@yy 
                        
l.23         \end{axis}
                       
I can't work with sizes bigger than about 19 feet.
Continue and I'll use the largest value I can.

c:/Users/logca/CLionProjects/afpractica/graf.tex:23: Dimension too large.
<recently read> \pgf@yy 
                        
l.23         \end{axis}
                       
I can't work with sizes bigger than about 19 feet.
Continue and I'll use the largest value I can.

c:/Users/logca/CLionProjects/afpractica/graf.tex:23: Dimension too large.
<recently read> \pgf@yy 
                        
l.23         \end{axis}
                       
I can't work with sizes bigger than about 19 feet.
Continue and I'll use the largest value I can.

c:/Users/logca/CLionProjects/afpractica/graf.tex:23: Dimension too large.
<recently read> \pgf@yy 
                        
l.23         \end{axis}
                       
I can't work with sizes bigger than about 19 feet.
Continue and I'll use the largest value I can.

c:/Users/logca/CLionProjects/afpractica/graf.tex:23: Dimension too large.
<recently read> \pgf@yy 
                        
l.23         \end{axis}
                       
I can't work with sizes bigger than about 19 feet.
Continue and I'll use the largest value I can.

c:/Users/logca/CLionProjects/afpractica/graf.tex:23: Dimension too large.
<recently read> \pgf@yy 
                        
l.23         \end{axis}
                       
I can't work with sizes bigger than about 19 feet.
Continue and I'll use the largest value I can.

c:/Users/logca/CLionProjects/afpractica/graf.tex:23: Dimension too large.
<recently read> \pgf@yy 
                        
l.23         \end{axis}
                       
I can't work with sizes bigger than about 19 feet.
Continue and I'll use the largest value I can.

c:/Users/logca/CLionProjects/afpractica/graf.tex:23: Dimension too large.
<recently read> \pgf@yy 
                        
l.23         \end{axis}
                       
I can't work with sizes bigger than about 19 feet.
Continue and I'll use the largest value I can.

c:/Users/logca/CLionProjects/afpractica/graf.tex:23: Dimension too large.
<recently read> \pgf@yy 
                        
l.23         \end{axis}
                       
I can't work with sizes bigger than about 19 feet.
Continue and I'll use the largest value I can.

c:/Users/logca/CLionProjects/afpractica/graf.tex:23: Dimension too large.
<recently read> \pgf@yy 
                        
l.23         \end{axis}
                       
I can't work with sizes bigger than about 19 feet.
Continue and I'll use the largest value I can.

c:/Users/logca/CLionProjects/afpractica/graf.tex:23: Dimension too large.
<recently read> \pgf@yy 
                        
l.23         \end{axis}
                       
I can't work with sizes bigger than about 19 feet.
Continue and I'll use the largest value I can.

c:/Users/logca/CLionProjects/afpractica/graf.tex:23: Dimension too large.
<recently read> \pgf@yy 
                        
l.23         \end{axis}
                       
I can't work with sizes bigger than about 19 feet.
Continue and I'll use the largest value I can.

c:/Users/logca/CLionProjects/afpractica/graf.tex:23: Dimension too large.
<recently read> \pgf@yy 
                        
l.23         \end{axis}
                       
I can't work with sizes bigger than about 19 feet.
Continue and I'll use the largest value I can.

c:/Users/logca/CLionProjects/afpractica/graf.tex:23: Dimension too large.
<recently read> \pgf@yy 
                        
l.23         \end{axis}
                       
I can't work with sizes bigger than about 19 feet.
Continue and I'll use the largest value I can.

c:/Users/logca/CLionProjects/afpractica/graf.tex:23: Dimension too large.
<recently read> \pgf@yy 
                        
l.23         \end{axis}
                       
I can't work with sizes bigger than about 19 feet.
Continue and I'll use the largest value I can.

c:/Users/logca/CLionProjects/afpractica/graf.tex:23: Dimension too large.
<recently read> \pgf@yy 
                        
l.23         \end{axis}
                       
I can't work with sizes bigger than about 19 feet.
Continue and I'll use the largest value I can.

c:/Users/logca/CLionProjects/afpractica/graf.tex:23: Dimension too large.
<recently read> \pgf@yy 
                        
l.23         \end{axis}
                       
I can't work with sizes bigger than about 19 feet.
Continue and I'll use the largest value I can.

c:/Users/logca/CLionProjects/afpractica/graf.tex:23: Dimension too large.
<recently read> \pgf@yy 
                        
l.23         \end{axis}
                       
I can't work with sizes bigger than about 19 feet.
Continue and I'll use the largest value I can.

c:/Users/logca/CLionProjects/afpractica/graf.tex:23: Dimension too large.
<recently read> \pgf@yy 
                        
l.23         \end{axis}
                       
I can't work with sizes bigger than about 19 feet.
Continue and I'll use the largest value I can.

c:/Users/logca/CLionProjects/afpractica/graf.tex:23: Dimension too large.
<recently read> \pgf@yy 
                        
l.23         \end{axis}
                       
I can't work with sizes bigger than about 19 feet.
Continue and I'll use the largest value I can.

c:/Users/logca/CLionProjects/afpractica/graf.tex:23: Dimension too large.
<recently read> \pgf@yy 
                        
l.23         \end{axis}
                       
I can't work with sizes bigger than about 19 feet.
Continue and I'll use the largest value I can.

c:/Users/logca/CLionProjects/afpractica/graf.tex:23: Dimension too large.
<recently read> \pgf@yy 
                        
l.23         \end{axis}
                       
I can't work with sizes bigger than about 19 feet.
Continue and I'll use the largest value I can.

c:/Users/logca/CLionProjects/afpractica/graf.tex:23: Dimension too large.
<recently read> \pgf@yy 
                        
l.23         \end{axis}
                       
I can't work with sizes bigger than about 19 feet.
Continue and I'll use the largest value I can.

c:/Users/logca/CLionProjects/afpractica/graf.tex:23: Dimension too large.
<recently read> \pgf@yy 
                        
l.23         \end{axis}
                       
I can't work with sizes bigger than about 19 feet.
Continue and I'll use the largest value I can.

c:/Users/logca/CLionProjects/afpractica/graf.tex:23: Dimension too large.
<recently read> \pgf@yy 
                        
l.23         \end{axis}
                       
(That makes 100 errors; please try again.) 
Here is how much of TeX's memory you used:
 22666 strings out of 473919
 611103 string characters out of 5726953
 1925908 words of memory out of 5000000
 45195 multiletter control sequences out of 15000+600000
 558069 words of font info for 36 fonts, out of 8000000 for 9000
 1141 hyphenation exceptions out of 8191
 99i,5n,107p,775b,1687s stack positions out of 10000i,1000n,20000p,200000b,200000s

c:/Users/logca/CLionProjects/afpractica/graf.tex:23:  ==> Fatal error occurred, no output PDF file produced!
